<?xml version="1.0" encoding="UTF-8" ?>
<testsuite errors="0" failures="0" hostname="DESKTOP-TD95D57" name="org.jedit.io.Native2ASCIIEncodingTest" skipped="0" tests="108" time="0.733" timestamp="2020-01-19T11:10:13">
  <properties>
    <property name="config.lib.dir" value="lib" />
    <property name="file.encoding.pkg" value="sun.io" />
    <property name="ivy.retrieve.pattern.ivy.instance" value="E:\Courses\MSc CS\2nd year\1b\Software Maintenance and Evolution\assignment-second attempt\data\jEdit/lib/[artifact]-[revision](-[classifier]).[ext]" />
    <property name="java.vendor.url.ivy.instance" value="http://java.oracle.com/" />
    <property name="ivy.local.default.ivy.pattern.ivy.instance" value="[organisation]/[module]/[revision]/[type]s/[artifact].[ext]" />
    <property name="ivy.project.dir.ivy.instance" value="E:\Courses\MSc CS\2nd year\1b\Software Maintenance and Evolution\assignment-second attempt\data\jEdit" />
    <property name="ivy.resolve.default.type.filter" value="*" />
    <property name="java.home" value="C:\Program Files\Java\jdk1.8.0_231\jre" />
    <property name="ivy.configurations.ivy.instance" value="*" />
    <property name="sonar.projectKey" value="jedit" />
    <property name="ivy.basedir.ivy.instance" value="E:\Courses\MSc CS\2nd year\1b\Software Maintenance and Evolution\assignment-second attempt\data\jEdit" />
    <property name="ivy.dep.file.ivy.instance" value="ivy.xml" />
    <property name="java.endorsed.dirs" value="C:\Program Files\Java\jdk1.8.0_231\jre\lib\endorsed" />
    <property name="java.class.path.ivy.instance" value="E:\IT\IntelliJ IDEA 2018.3.3\lib\ant\lib\ant-antlr.jar;E:\IT\IntelliJ IDEA 2018.3.3\lib\ant\lib\ant-apache-bcel.jar;E:\IT\IntelliJ IDEA 2018.3.3\lib\ant\lib\ant-apache-bsf.jar;E:\IT\IntelliJ IDEA 2018.3.3\lib\ant\lib\ant-apache-log4j.jar;E:\IT\IntelliJ IDEA 2018.3.3\lib\ant\lib\ant-apache-oro.jar;E:\IT\IntelliJ IDEA 2018.3.3\lib\ant\lib\ant-apache-regexp.jar;E:\IT\IntelliJ IDEA 2018.3.3\lib\ant\lib\ant-apache-resolver.jar;E:\IT\IntelliJ IDEA 2018.3.3\lib\ant\lib\ant-apache-xalan2.jar;E:\IT\IntelliJ IDEA 2018.3.3\lib\ant\lib\ant-commons-logging.jar;E:\IT\IntelliJ IDEA 2018.3.3\lib\ant\lib\ant-commons-net.jar;E:\IT\IntelliJ IDEA 2018.3.3\lib\ant\lib\ant-jai.jar;E:\IT\IntelliJ IDEA 2018.3.3\lib\ant\lib\ant-javamail.jar;E:\IT\IntelliJ IDEA 2018.3.3\lib\ant\lib\ant-jdepend.jar;E:\IT\IntelliJ IDEA 2018.3.3\lib\ant\lib\ant-jmf.jar;E:\IT\IntelliJ IDEA 2018.3.3\lib\ant\lib\ant-jsch.jar;E:\IT\IntelliJ IDEA 2018.3.3\lib\ant\lib\ant-junit.jar;E:\IT\IntelliJ IDEA 2018.3.3\lib\ant\lib\ant-junit4.jar;E:\IT\IntelliJ IDEA 2018.3.3\lib\ant\lib\ant-launcher.jar;E:\IT\IntelliJ IDEA 2018.3.3\lib\ant\lib\ant-netrexx.jar;E:\IT\IntelliJ IDEA 2018.3.3\lib\ant\lib\ant-swing.jar;E:\IT\IntelliJ IDEA 2018.3.3\lib\ant\lib\ant-testutil.jar;E:\IT\IntelliJ IDEA 2018.3.3\lib\ant\lib\ant.jar;C:\Program Files\Java\jdk1.8.0_231\lib\tools.jar;E:\IT\IntelliJ IDEA 2018.3.3\lib\idea_rt.jar" />
    <property name="ivy.home" value="C:\Users\Stefan Evanghelides\.ivy2" />
    <property name="java.vm.specification.vendor.ivy.instance" value="Oracle Corporation" />
    <property name="sun.os.patch.level" value="" />
    <property name="ivy.dep.file" value="ivy.xml" />
    <property name="java.vendor.url" value="http://java.oracle.com/" />
    <property name="ivy.local.default.artifact.pattern.ivy.instance" value="[organisation]/[module]/[revision]/[type]s/[artifact].[ext]" />
    <property name="ivy.lib.dir.ivy.instance" value="E:\Courses\MSc CS\2nd year\1b\Software Maintenance and Evolution\assignment-second attempt\data\jEdit/lib" />
    <property name="java.version" value="1.8.0_231" />
    <property name="ivy.conf.dir.ivy.instance" value="E:\Courses\MSc CS\2nd year\1b\Software Maintenance and Evolution\assignment-second attempt\data\jEdit\build" />
    <property name="sun.boot.library.path.ivy.instance" value="C:\Program Files\Java\jdk1.8.0_231\jre\bin" />
    <property name="ivy.done" value="true" />
    <property name="ivy.report.output.pattern.ivy.instance" value="[organisation]-[module]-[conf].[ext]" />
    <property name="ivy.module" value="jedit" />
    <property name="ivy.publish.src.artifacts.pattern.ivy.instance" value="E:\Courses\MSc CS\2nd year\1b\Software Maintenance and Evolution\assignment-second attempt\data\jEdit/distrib/[type]s/[artifact]-[revision](-[classifier]).[ext]" />
    <property name="java.vendor.url.bug" value="http://bugreport.sun.com/bugreport/" />
    <property name="sun.management.compiler.ivy.instance" value="HotSpot 64-Bit Tiered Compilers" />
    <property name="ant.project.invoked-targets" value="build" />
    <property name="ivy.local.default.artifact.pattern" value="[organisation]/[module]/[revision]/[type]s/[artifact].[ext]" />
    <property name="os.name.ivy.instance" value="Windows 10" />
    <property name="ivy.default.ivy.user.dir.ivy.instance" value="C:\Users\Stefan Evanghelides\.ivy2" />
    <property name="ivy.default.always.check.exact.revision" value="false" />
    <property name="ivy.default.settings.dir.ivy.instance" value="jar:file:/E:/Courses/MSc%20CS/2nd%20year/1b/Software%20Maintenance%20and%20Evolution/assignment-second%20attempt/data/jEdit/lib/ivy/ivy-2.2.0.jar!/org/apache/ivy/core/settings" />
    <property name="user.name" value="Stefan Evanghelides" />
    <property name="sun.io.unicode.encoding" value="UnicodeLittle" />
    <property name="ivy.shared.default.root.ivy.instance" value="C:\Users\Stefan Evanghelides\.ivy2/shared" />
    <property name="sun.jnu.encoding" value="Cp1252" />
    <property name="java.runtime.name" value="Java(TM) SE Runtime Environment" />
    <property name="ant.home.ivy.instance" value="E:\IT\IntelliJ IDEA 2018.3.3\lib\ant" />
    <property name="file.encoding.ivy.instance" value="UTF-8" />
    <property name="ivy.cache.ttl.default.ivy.instance" value="10s" />
    <property name="sonar.projectName" value="jedit" />
    <property name="ivy.conf.file.ivy.instance" value="E:\Courses\MSc CS\2nd year\1b\Software Maintenance and Evolution\assignment-second attempt\data\jEdit\build\ivysettings.xml" />
    <property name="java.specification.vendor.ivy.instance" value="Oracle Corporation" />
    <property name="java.vendor.ivy.instance" value="Oracle Corporation" />
    <property name="lib.dir" value="E:\Courses\MSc CS\2nd year\1b\Software Maintenance and Evolution\assignment-second attempt\data\jEdit\lib" />
    <property name="sun.cpu.isalist.ivy.instance" value="amd64" />
    <property name="java.specification.name" value="Java Platform API Specification" />
    <property name="user.timezone" value="" />
    <property name="java.endorsed.dirs.ivy.instance" value="C:\Program Files\Java\jdk1.8.0_231\jre\lib\endorsed" />
    <property name="slackware.target.java.version" value="1_8_0" />
    <property name="user.script" value="" />
    <property name="path.separator" value=";" />
    <property name="config.dist.dir" value="dist" />
    <property name="mac.target.java.version" value="1.8+" />
    <property name="java.class.version.ivy.instance" value="52.0" />
    <property name="ivy.default.conf.dir" value="jar:file:/E:/Courses/MSc%20CS/2nd%20year/1b/Software%20Maintenance%20and%20Evolution/assignment-second%20attempt/data/jEdit/lib/ivy/ivy-2.2.0.jar!/org/apache/ivy/core/settings" />
    <property name="file.encoding" value="Cp1252" />
    <property name="java.runtime.name.ivy.instance" value="Java(TM) SE Runtime Environment" />
    <property name="ivy.resolve.default.type.filter.ivy.instance" value="*" />
    <property name="ant.project.default-target" value="build" />
    <property name="jedit.version.final" value="true" />
    <property name="win.filename" value="jedit5.5.0install" />
    <property name="ivy.targets.copied" value="false" />
    <property name="sun.java.command" value="org.apache.tools.ant.taskdefs.optional.junit.JUnitTestRunner org.jedit.io.Native2ASCIIEncodingTest skipNonTests=false filtertrace=true haltOnError=false haltOnFailure=false formatter=org.apache.tools.ant.taskdefs.optional.junit.SummaryJUnitResultFormatter showoutput=true outputtoformatters=true logfailedtests=true threadid=0 logtestlistenerevents=true formatter=org.apache.tools.ant.taskdefs.optional.junit.XMLJUnitResultFormatter,E:\Courses\MSc CS\2nd year\1b\Software Maintenance and Evolution\assignment-second attempt\data\jEdit\build\test\raw-reports\TEST-org.jedit.io.Native2ASCIIEncodingTest.xml crashfile=E:\Courses\MSc CS\2nd year\1b\Software Maintenance and Evolution\assignment-second attempt\data\jEdit\junitvmwatcher8138796095539053115.properties propsfile=E:\Courses\MSc CS\2nd year\1b\Software Maintenance and Evolution\assignment-second attempt\data\jEdit\junit1276662645779341689.properties" />
    <property name="ivy.shared.default.artifact.pattern" value="[organisation]/[module]/[revision]/[type]s/[artifact].[ext]" />
    <property name="ant.file" value="E:\Courses\MSc CS\2nd year\1b\Software Maintenance and Evolution\assignment-second attempt\data\jEdit\build.xml" />
    <property name="ivy.distrib.dir.ivy.instance" value="E:\Courses\MSc CS\2nd year\1b\Software Maintenance and Evolution\assignment-second attempt\data\jEdit/distrib" />
    <property name="ivy.checksums.ivy.instance" value="sha1,md5" />
    <property name="sun.arch.data.model.ivy.instance" value="64" />
    <property name="ivy.build.artifacts.dir.ivy.instance" value="E:\Courses\MSc CS\2nd year\1b\Software Maintenance and Evolution\assignment-second attempt\data\jEdit/build/artifacts" />
    <property name="user.variant.ivy.instance" value="" />
    <property name="ivy.settings.file" value="ivysettings.xml" />
    <property name="java.io.tmpdir" value="C:\Users\STEFAN~1\AppData\Local\Temp\" />
    <property name="ivy.buildlist.ivyfilepath.ivy.instance" value="ivy.xml" />
    <property name="ivy.cache.ttl.default" value="10s" />
    <property name="user.language" value="en" />
    <property name="user.dir.ivy.instance" value="E:\Courses\MSc CS\2nd year\1b\Software Maintenance and Evolution\assignment-second attempt\data\jEdit" />
    <property name="ivy.home.ivy.instance" value="C:\Users\Stefan Evanghelides\.ivy2" />
    <property name="line.separator" value="&#xd;&#xa;" />
    <property name="java.specification.version.ivy.instance" value="1.8" />
    <property name="sonar.host.url" value="http://localhost:9000" />
    <property name="ant.file.type" value="file" />
    <property name="ivy.build.artifacts.dir" value="E:\Courses\MSc CS\2nd year\1b\Software Maintenance and Evolution\assignment-second attempt\data\jEdit/build/artifacts" />
    <property name="src.archive.filename" value="jedit5.5.0source.tar.bz2" />
    <property name="sun.io.unicode.encoding.ivy.instance" value="UnicodeLittle" />
    <property name="ivy.status" value="integration" />
    <property name="java.vm.info" value="mixed mode" />
    <property name="ivy.lib.dir" value="E:\Courses\MSc CS\2nd year\1b\Software Maintenance and Evolution\assignment-second attempt\data\jEdit/lib" />
    <property name="jedit.build.number" value="05.05.99.00" />
    <property name="sun.desktop" value="windows" />
    <property name="java.vm.specification.name" value="Java Virtual Machine Specification" />
    <property name="sonar.java.libraries" value="lib/*/*.jar" />
    <property name="ivy.default.conf.dir.ivy.instance" value="jar:file:/E:/Courses/MSc%20CS/2nd%20year/1b/Software%20Maintenance%20and%20Evolution/assignment-second%20attempt/data/jEdit/lib/ivy/ivy-2.2.0.jar!/org/apache/ivy/core/settings" />
    <property name="java.vm.version.ivy.instance" value="25.231-b11" />
    <property name="sonar.projectVersion" value="1.0" />
    <property name="user.name.ivy.instance" value="Stefan Evanghelides" />
    <property name="config.build.compilerarg" value="-Xlint:unchecked -Xlint:finally -Xlint:fallthrough -Xmaxwarns 1000" />
    <property name="ivy.cache.dir" value="C:\Users\Stefan Evanghelides\.ivy2\cache" />
    <property name="java.awt.printerjob" value="sun.awt.windows.WPrinterJob" />
    <property name="jedit.plugins.artifact.patterns" value="&lt;artifact pattern=&quot;jar:http://cytranet.dl.sourceforge.net/project/jedit-plugins/[artifact]/[revision]/[artifact]-[revision]-bin.zip!/[artifact].jar&quot; /&gt;&#xa;&lt;artifact pattern=&quot;jar:http://excellmedia.dl.sourceforge.net/project/jedit-plugins/[artifact]/[revision]/[artifact]-[revision]-bin.zip!/[artifact].jar&quot; /&gt;&#xa;&lt;artifact pattern=&quot;jar:http://freefr.dl.sourceforge.net/project/jedit-plugins/[artifact]/[revision]/[artifact]-[revision]-bin.zip!/[artifact].jar&quot; /&gt;&#xa;&lt;artifact pattern=&quot;jar:http://heanet.dl.sourceforge.net/project/jedit-plugins/[artifact]/[revision]/[artifact]-[revision]-bin.zip!/[artifact].jar&quot; /&gt;&#xa;&lt;artifact pattern=&quot;jar:http://internode.dl.sourceforge.net/project/jedit-plugins/[artifact]/[revision]/[artifact]-[revision]-bin.zip!/[artifact].jar&quot; /&gt;&#xa;&lt;artifact pattern=&quot;jar:http://iweb.dl.sourceforge.net/project/jedit-plugins/[artifact]/[revision]/[artifact]-[revision]-bin.zip!/[artifact].jar&quot; /&gt;&#xa;&lt;artifact pattern=&quot;jar:http://jaist.dl.sourceforge.net/project/jedit-plugins/[artifact]/[revision]/[artifact]-[revision]-bin.zip!/[artifact].jar&quot; /&gt;&#xa;&lt;artifact pattern=&quot;jar:http://kent.dl.sourceforge.net/project/jedit-plugins/[artifact]/[revision]/[artifact]-[revision]-bin.zip!/[artifact].jar&quot; /&gt;&#xa;&lt;artifact pattern=&quot;jar:http://liquidtelecom.dl.sourceforge.net/project/jedit-plugins/[artifact]/[revision]/[artifact]-[revision]-bin.zip!/[artifact].jar&quot; /&gt;&#xa;&lt;artifact pattern=&quot;jar:http://nchc.dl.sourceforge.net/project/jedit-plugins/[artifact]/[revision]/[artifact]-[revision]-bin.zip!/[artifact].jar&quot; /&gt;&#xa;&lt;artifact pattern=&quot;jar:http://ncu.dl.sourceforge.net/project/jedit-plugins/[artifact]/[revision]/[artifact]-[revision]-bin.zip!/[artifact].jar&quot; /&gt;&#xa;&lt;artifact pattern=&quot;jar:http://netcologne.dl.sourceforge.net/project/jedit-plugins/[artifact]/[revision]/[artifact]-[revision]-bin.zip!/[artifact].jar&quot; /&gt;&#xa;&lt;artifact pattern=&quot;jar:http://netix.dl.sourceforge.net/project/jedit-plugins/[artifact]/[revision]/[artifact]-[revision]-bin.zip!/[artifact].jar&quot; /&gt;&#xa;&lt;artifact pattern=&quot;jar:http://pilotfiber.dl.sourceforge.net/project/jedit-plugins/[artifact]/[revision]/[artifact]-[revision]-bin.zip!/[artifact].jar&quot; /&gt;&#xa;&lt;artifact pattern=&quot;jar:http://superb-dca2.dl.sourceforge.net/project/jedit-plugins/[artifact]/[revision]/[artifact]-[revision]-bin.zip!/[artifact].jar&quot; /&gt;&#xa;&lt;artifact pattern=&quot;jar:http://superb-sea2.dl.sourceforge.net/project/jedit-plugins/[artifact]/[revision]/[artifact]-[revision]-bin.zip!/[artifact].jar&quot; /&gt;&#xa;&lt;artifact pattern=&quot;jar:http://svwh.dl.sourceforge.net/project/jedit-plugins/[artifact]/[revision]/[artifact]-[revision]-bin.zip!/[artifact].jar&quot; /&gt;&#xa;&lt;artifact pattern=&quot;jar:http://tenet.dl.sourceforge.net/project/jedit-plugins/[artifact]/[revision]/[artifact]-[revision]-bin.zip!/[artifact].jar&quot; /&gt;&#xa;&lt;artifact pattern=&quot;jar:http://ufpr.dl.sourceforge.net/project/jedit-plugins/[artifact]/[revision]/[artifact]-[revision]-bin.zip!/[artifact].jar&quot; /&gt;&#xa;&lt;artifact pattern=&quot;jar:http://vorboss.dl.sourceforge.net/project/jedit-plugins/[artifact]/[revision]/[artifact]-[revision]-bin.zip!/[artifact].jar&quot; /&gt;&#xa;" />
    <property name="java.io.tmpdir.ivy.instance" value="C:\Users\STEFAN~1\AppData\Local\Temp\" />
    <property name="jar.location" value="E:\Courses\MSc CS\2nd year\1b\Software Maintenance and Evolution\assignment-second attempt\data\jEdit\build" />
    <property name="ant.version" value="Apache Ant(TM) version 1.9.4 compiled on April 29 2014" />
    <property name="java.home.ivy.instance" value="C:\Program Files\Java\jdk1.8.0_231\jre" />
    <property name="java.vm.vendor.ivy.instance" value="Oracle Corporation" />
    <property name="user.script.ivy.instance" value="" />
    <property name="ivy.default.settings.dir" value="jar:file:/E:/Courses/MSc%20CS/2nd%20year/1b/Software%20Maintenance%20and%20Evolution/assignment-second%20attempt/data/jEdit/lib/ivy/ivy-2.2.0.jar!/org/apache/ivy/core/settings" />
    <property name="jedit.version" value="5.5.0" />
    <property name="ivy.configurations" value="*" />
    <property name="ivy.settings.url" value="file:/E:/Courses/MSc%20CS/2nd%20year/1b/Software%20Maintenance%20and%20Evolution/assignment-second%20attempt/data/jEdit/build/ivysettings.xml" />
    <property name="os.name" value="Windows 10" />
    <property name="java.specification.vendor" value="Oracle Corporation" />
    <property name="sun.jnu.encoding.ivy.instance" value="Cp1252" />
    <property name="ivy.deliver.ivy.pattern.ivy.instance" value="E:\Courses\MSc CS\2nd year\1b\Software Maintenance and Evolution\assignment-second attempt\data\jEdit/distrib/[type]s/[artifact]-[revision](-[classifier]).[ext]" />
    <property name="manual.filename.prefix" value="jedit5.5.0manual-" />
    <property name="ivy.checksums" value="sha1,md5" />
    <property name="ant.file.jedit" value="E:\Courses\MSc CS\2nd year\1b\Software Maintenance and Evolution\assignment-second attempt\data\jEdit\build.xml" />
    <property name="java.vm.name" value="Java HotSpot(TM) 64-Bit Server VM" />
    <property name="ivy.jar.file" value="E:\Courses\MSc CS\2nd year\1b\Software Maintenance and Evolution\assignment-second attempt\data\jEdit\lib\ivy\ivy-2.2.0.jar" />
    <property name="ivy.log.modules.in.use" value="false" />
    <property name="java.runtime.version.ivy.instance" value="1.8.0_231-b11" />
    <property name="ivy.report.output.pattern" value="[organisation]-[module]-[conf].[ext]" />
    <property name="ivy.version" value="2.2.0" />
    <property name="java.library.path" value="C:\Program Files\Java\jdk1.8.0_231\jre\bin;C:\WINDOWS\Sun\Java\bin;C:\WINDOWS\system32;C:\WINDOWS;C:\Program Files\Python37\Scripts\;C:\Program Files\Python37\;C:\ProgramData\DockerDesktop\version-bin;C:\Program Files\Docker\Docker\Resources\bin;C:\Program Files (x86)\Intel\iCLS Client\;C:\Program Files\Intel\iCLS Client\;C:\WINDOWS\system32;C:\WINDOWS;C:\WINDOWS\System32\Wbem;C:\WINDOWS\System32\WindowsPowerShell\v1.0\;C:\Program Files (x86)\Intel\Intel(R) Management Engine Components\DAL;C:\Program Files\Intel\Intel(R) Management Engine Components\DAL;C:\Program Files (x86)\Intel\Intel(R) Management Engine Components\IPT;C:\Program Files\Intel\Intel(R) Management Engine Components\IPT;C:\Program Files (x86)\AMD\ATI.ACE\Core-Static;C:\Program Files\Git\cmd;C:\Program Files\Sublime Text 3;C:\mingw-w64\i686-8.1.0-posix-dwarf-rt_v6-rev0\mingw32\bin;C:\Program Files (x86)\Windows Kits\10\Windows Performance Toolkit\;C:\Program Files\MiKTeX 2.9\miktex\bin\x64\;C:\Program Files (x86)\Gpg4win\..\GnuPG\bin;C:\Program Files\doxygen\bin;C:\WINDOWS\System32\OpenSSH\;C:\Program Files\Intel\WiFi\bin\;C:\Program Files\Common Files\Intel\WirelessCommon\;C:\Users\Stefan Evanghelides\AppData\Roaming\Python\Python37\Scripts;C:\Program Files\nodejs\;C:\Program Files\MongoDB\Server\4.2\bin;C:\Program Files (x86)\Google\Cloud SDK\google-cloud-sdk\bin;C:\Go\bin;C:\Program Files\PuTTY\;C:\Program Files\WSO2\Identity Server\5.9.0\bin\..\bin;C:\Program Files\PostgreSQL\12\bin;C:\Program Files\PostgreSQL\12\lib;C:\Program Files\jEdit;C:\Program Files\TortoiseSVN\bin;C:\Program Files (x86)\Subversion\bin;C:\Program Files\Polyspace\R2019a\runtime\win64;C:\Program Files\Polyspace\R2019a\bin;C:\Program Files\Polyspace\R2019a\polyspace\bin;C:\Program Files\Java\jdk-11.0.5\bin;C:\Program Files (x86)\Common Files\Oracle\Java\javapath;C:\Program Files\apache-maven-3.6.3\bin;E:\IT\Apache ant\bin;C:\Users\Stefan Evanghelides\AppData\Local\Microsoft\WindowsApps;C:\Program Files\Intel\WiFi\bin\;C:\Program Files\Common Files\Intel\WirelessCommon\;C:\Users\Stefan Evanghelides\AppData\Roaming\npm;C:\Users\Stefan Evanghelides\AppData\Local\Programs\Microsoft VS Code\bin;C:\Users\Stefan Evanghelides\go\bin;;." />
    <property name="ivy.conf.url" value="file:/E:/Courses/MSc%20CS/2nd%20year/1b/Software%20Maintenance%20and%20Evolution/assignment-second%20attempt/data/jEdit/build/ivysettings.xml" />
    <property name="java.vm.name.ivy.instance" value="Java HotSpot(TM) 64-Bit Server VM" />
    <property name="os.version.ivy.instance" value="10.0" />
    <property name="line.separator.ivy.instance" value="&#xd;&#xa;" />
    <property name="ant.java.version" value="1.8" />
    <property name="sun.desktop.ivy.instance" value="windows" />
    <property name="sun.cpu.endian.ivy.instance" value="little" />
    <property name="mac.disk.image.filename" value="jedit5.5.0install.dmg" />
    <property name="java.vm.specification.name.ivy.instance" value="Java Virtual Machine Specification" />
    <property name="basedir" value="E:\Courses\MSc CS\2nd year\1b\Software Maintenance and Evolution\assignment-second attempt\data\jEdit" />
    <property name="java.class.version" value="52.0" />
    <property name="ivy.settings.url.ivy.instance" value="file:/E:/Courses/MSc%20CS/2nd%20year/1b/Software%20Maintenance%20and%20Evolution/assignment-second%20attempt/data/jEdit/build/ivysettings.xml" />
    <property name="path.separator.ivy.instance" value=";" />
    <property name="sun.boot.class.path.ivy.instance" value="C:\Program Files\Java\jdk1.8.0_231\jre\lib\resources.jar;C:\Program Files\Java\jdk1.8.0_231\jre\lib\rt.jar;C:\Program Files\Java\jdk1.8.0_231\jre\lib\sunrsasign.jar;C:\Program Files\Java\jdk1.8.0_231\jre\lib\jsse.jar;C:\Program Files\Java\jdk1.8.0_231\jre\lib\jce.jar;C:\Program Files\Java\jdk1.8.0_231\jre\lib\charsets.jar;C:\Program Files\Java\jdk1.8.0_231\jre\lib\jfr.jar;C:\Program Files\Java\jdk1.8.0_231\jre\classes" />
    <property name="ant.home" value="E:\IT\IntelliJ IDEA 2018.3.3\lib\ant" />
    <property name="ivy.jar.filename" value="ivy-2.2.0.jar" />
    <property name="dist.jar.filename" value="jedit5.5.0install.jar" />
    <property name="ivy.resolved.configurations" value="default, master, compile, runtime, test, provided, sources, javadoc, ant-contrib, docbook, fop, launch4j, scripting, default-plugins" />
    <property name="config.ivy.version" value="2.2.0" />
    <property name="ivy.deliver.ivy.pattern" value="E:\Courses\MSc CS\2nd year\1b\Software Maintenance and Evolution\assignment-second attempt\data\jEdit/distrib/[type]s/[artifact]-[revision](-[classifier]).[ext]" />
    <property name="config.build.deprecation" value="true" />
    <property name="sun.boot.library.path" value="C:\Program Files\Java\jdk1.8.0_231\jre\bin" />
    <property name="build.dir" value="E:\Courses\MSc CS\2nd year\1b\Software Maintenance and Evolution\assignment-second attempt\data\jEdit\build" />
    <property name="java.library.path.ivy.instance" value="C:\Program Files\Java\jdk1.8.0_231\bin;C:\WINDOWS\Sun\Java\bin;C:\WINDOWS\system32;C:\WINDOWS;C:\Program Files\Python37\Scripts\;C:\Program Files\Python37\;C:\ProgramData\DockerDesktop\version-bin;C:\Program Files\Docker\Docker\Resources\bin;C:\Program Files (x86)\Intel\iCLS Client\;C:\Program Files\Intel\iCLS Client\;C:\WINDOWS\system32;C:\WINDOWS;C:\WINDOWS\System32\Wbem;C:\WINDOWS\System32\WindowsPowerShell\v1.0\;C:\Program Files (x86)\Intel\Intel(R) Management Engine Components\DAL;C:\Program Files\Intel\Intel(R) Management Engine Components\DAL;C:\Program Files (x86)\Intel\Intel(R) Management Engine Components\IPT;C:\Program Files\Intel\Intel(R) Management Engine Components\IPT;C:\Program Files (x86)\AMD\ATI.ACE\Core-Static;C:\Program Files\Git\cmd;C:\Program Files\Sublime Text 3;C:\mingw-w64\i686-8.1.0-posix-dwarf-rt_v6-rev0\mingw32\bin;C:\Program Files (x86)\Windows Kits\10\Windows Performance Toolkit\;C:\Program Files\MiKTeX 2.9\miktex\bin\x64\;C:\Program Files (x86)\Gpg4win\..\GnuPG\bin;C:\Program Files\doxygen\bin;C:\WINDOWS\System32\OpenSSH\;C:\Program Files\Intel\WiFi\bin\;C:\Program Files\Common Files\Intel\WirelessCommon\;C:\Users\Stefan Evanghelides\AppData\Roaming\Python\Python37\Scripts;C:\Program Files\nodejs\;C:\Program Files\MongoDB\Server\4.2\bin;C:\Program Files (x86)\Google\Cloud SDK\google-cloud-sdk\bin;C:\Go\bin;C:\Program Files\PuTTY\;C:\Program Files\WSO2\Identity Server\5.9.0\bin\..\bin;C:\Program Files\PostgreSQL\12\bin;C:\Program Files\PostgreSQL\12\lib;C:\Program Files\jEdit;C:\Program Files\TortoiseSVN\bin;C:\Program Files (x86)\Subversion\bin;C:\Program Files\Polyspace\R2019a\runtime\win64;C:\Program Files\Polyspace\R2019a\bin;C:\Program Files\Polyspace\R2019a\polyspace\bin;C:\Program Files\Java\jdk-11.0.5\bin;C:\Program Files (x86)\Common Files\Oracle\Java\javapath;C:\Program Files\apache-maven-3.6.3\bin;E:\IT\Apache ant\bin;C:\Users\Stefan Evanghelides\AppData\Local\Microsoft\WindowsApps;C:\Program Files\Intel\WiFi\bin\;C:\Program Files\Common Files\Intel\WirelessCommon\;C:\Users\Stefan Evanghelides\AppData\Roaming\npm;C:\Users\Stefan Evanghelides\AppData\Local\Programs\Microsoft VS Code\bin;C:\Users\Stefan Evanghelides\go\bin;;." />
    <property name="ivy.default.always.check.exact.revision.ivy.instance" value="false" />
    <property name="awt.toolkit.ivy.instance" value="sun.awt.windows.WToolkit" />
    <property name="ivy.jar.present" value="true" />
    <property name="ivy.basedir" value="E:\Courses\MSc CS\2nd year\1b\Software Maintenance and Evolution\assignment-second attempt\data\jEdit" />
    <property name="sun.management.compiler" value="HotSpot 64-Bit Tiered Compilers" />
    <property name="user.variant" value="" />
    <property name="java.awt.graphicsenv" value="sun.awt.Win32GraphicsEnvironment" />
    <property name="java.ext.dirs.ivy.instance" value="C:\Program Files\Java\jdk1.8.0_231\jre\lib\ext;C:\WINDOWS\Sun\Java\lib\ext" />
    <property name="ivy.log.modules.in.use.ivy.instance" value="false" />
    <property name="sun.os.patch.level.ivy.instance" value="" />
    <property name="file.encoding.pkg.ivy.instance" value="sun.io" />
    <property name="ivy.shared.default.ivy.pattern" value="[organisation]/[module]/[revision]/[type]s/[artifact].[ext]" />
    <property name="ivy.resolver.default.check.modified" value="false" />
    <property name="ivy.settings.file.ivy.instance" value="E:\Courses\MSc CS\2nd year\1b\Software Maintenance and Evolution\assignment-second attempt\data\jEdit\build\ivysettings.xml" />
    <property name="ivy.nb.targets.copied" value="0" />
    <property name="ant.project.name" value="jedit" />
    <property name="java.vm.specification.version" value="1.8" />
    <property name="ivy.cache.dir.ivy.instance" value="C:\Users\Stefan Evanghelides\.ivy2\cache" />
    <property name="ivy.status.ivy.instance" value="integration" />
    <property name="awt.toolkit" value="sun.awt.windows.WToolkit" />
    <property name="sun.cpu.isalist" value="amd64" />
    <property name="file.separator.ivy.instance" value="\" />
    <property name="java.ext.dirs" value="C:\Program Files\Java\jdk1.8.0_231\jre\lib\ext;C:\WINDOWS\Sun\Java\lib\ext" />
    <property name="ivy.local.default.root.ivy.instance" value="C:\Users\Stefan Evanghelides\.ivy2/local" />
    <property name="ivy.deps.changed" value="false" />
    <property name="os.version" value="10.0" />
    <property name="user.home" value="C:\Users\Stefan Evanghelides" />
    <property name="sun.java.launcher.ivy.instance" value="SUN_STANDARD" />
    <property name="java.vm.vendor" value="Oracle Corporation" />
    <property name="ivy.local.default.root" value="C:\Users\Stefan Evanghelides\.ivy2/local" />
    <property name="ivy.organisation" value="org.jedit" />
    <property name="user.dir" value="E:\Courses\MSc CS\2nd year\1b\Software Maintenance and Evolution\assignment-second attempt\data\jEdit" />
    <property name="ant.library.dir.ivy.instance" value="E:\IT\IntelliJ IDEA 2018.3.3\lib\ant\lib" />
    <property name="ivy.local.default.ivy.pattern" value="[organisation]/[module]/[revision]/[type]s/[artifact].[ext]" />
    <property name="ivy.shared.default.ivy.pattern.ivy.instance" value="[organisation]/[module]/[revision]/[type]s/[artifact].[ext]" />
    <property name="ivy.publish.src.artifacts.pattern" value="E:\Courses\MSc CS\2nd year\1b\Software Maintenance and Evolution\assignment-second attempt\data\jEdit/distrib/[type]s/[artifact]-[revision](-[classifier]).[ext]" />
    <property name="java.vm.info.ivy.instance" value="mixed mode" />
    <property name="sun.java.command.ivy.instance" value="com.intellij.rt.ant.execution.AntMain2 -logger com.intellij.rt.ant.execution.IdeaAntLogger2 -inputhandler com.intellij.rt.ant.execution.IdeaInputHandler -buildfile E:\Courses\MSc CS\2nd year\1b\Software Maintenance and Evolution\assignment-second attempt\data\jEdit\build.xml build" />
    <property name="ivy.distrib.dir" value="E:\Courses\MSc CS\2nd year\1b\Software Maintenance and Evolution\assignment-second attempt\data\jEdit/distrib" />
    <property name="sun.cpu.endian" value="little" />
    <property name="ivy.revision" value="working@DESKTOP-TD95D57" />
    <property name="user.timezone.ivy.instance" value="Europe/Berlin" />
    <property name="java.vm.version" value="25.231-b11" />
    <property name="config.build.debuglevel" value="lines,vars,source" />
    <property name="ivy.default.ivy.user.dir" value="C:\Users\Stefan Evanghelides\.ivy2" />
    <property name="java.class.path" value="E:\Courses\MSc CS\2nd year\1b\Software Maintenance and Evolution\assignment-second attempt\data\jEdit\lib\test\hamcrest-core.jar;E:\Courses\MSc CS\2nd year\1b\Software Maintenance and Evolution\assignment-second attempt\data\jEdit\lib\test\hamcrest-library.jar;E:\Courses\MSc CS\2nd year\1b\Software Maintenance and Evolution\assignment-second attempt\data\jEdit\lib\test\jsr305.jar;E:\Courses\MSc CS\2nd year\1b\Software Maintenance and Evolution\assignment-second attempt\data\jEdit\lib\test\junit-dep.jar;E:\Courses\MSc CS\2nd year\1b\Software Maintenance and Evolution\assignment-second attempt\data\jEdit\build\classes\core;E:\Courses\MSc CS\2nd year\1b\Software Maintenance and Evolution\assignment-second attempt\data\jEdit\build\classes\test;E:\IT\IntelliJ IDEA 2018.3.3\lib\ant\lib\ant.jar;E:\IT\IntelliJ IDEA 2018.3.3\lib\ant\lib\ant-junit.jar;E:\IT\IntelliJ IDEA 2018.3.3\lib\ant\lib\ant-junit4.jar" />
    <property name="user.home.ivy.instance" value="C:\Users\Stefan Evanghelides" />
    <property name="basedir.ivy.instance" value="E:\Courses\MSc CS\2nd year\1b\Software Maintenance and Evolution\assignment-second attempt\data\jEdit" />
    <property name="ant.library.dir" value="E:\IT\IntelliJ IDEA 2018.3.3\lib\ant\lib" />
    <property name="os.arch" value="amd64" />
    <property name="ivy.jar.dir" value="E:\Courses\MSc CS\2nd year\1b\Software Maintenance and Evolution\assignment-second attempt\data\jEdit\lib\ivy" />
    <property name="ivy.conf.file" value="E:\Courses\MSc CS\2nd year\1b\Software Maintenance and Evolution\assignment-second attempt\data\jEdit\build\ivysettings.xml" />
    <property name="java.awt.graphicsenv.ivy.instance" value="sun.awt.Win32GraphicsEnvironment" />
    <property name="java.vendor.url.bug.ivy.instance" value="http://bugreport.sun.com/bugreport/" />
    <property name="java.vm.specification.version.ivy.instance" value="1.8" />
    <property name="dist.dir" value="E:\Courses\MSc CS\2nd year\1b\Software Maintenance and Evolution\assignment-second attempt\data\jEdit\dist" />
    <property name="sun.java.launcher" value="SUN_STANDARD" />
    <property name="init.done" value="true" />
    <property name="classes.dir" value="E:\Courses\MSc CS\2nd year\1b\Software Maintenance and Evolution\assignment-second attempt\data\jEdit\build\classes" />
    <property name="java.awt.printerjob.ivy.instance" value="sun.awt.windows.WPrinterJob" />
    <property name="ivy.settings.dir.ivy.instance" value="E:\Courses\MSc CS\2nd year\1b\Software Maintenance and Evolution\assignment-second attempt\data\jEdit\build" />
    <property name="ant.core.lib" value="E:\IT\IntelliJ IDEA 2018.3.3\lib\ant\lib\ant.jar" />
    <property name="ivy.resolver.default.check.modified.ivy.instance" value="false" />
    <property name="ivy.settings.dir" value="E:\Courses\MSc CS\2nd year\1b\Software Maintenance and Evolution\assignment-second attempt\data\jEdit\build" />
    <property name="java.vm.specification.vendor" value="Oracle Corporation" />
    <property name="file.separator" value="\" />
    <property name="user.language.ivy.instance" value="en" />
    <property name="ivy.shared.default.artifact.pattern.ivy.instance" value="[organisation]/[module]/[revision]/[type]s/[artifact].[ext]" />
    <property name="user.country.ivy.instance" value="US" />
    <property name="ivy.conf.url.ivy.instance" value="file:/E:/Courses/MSc%20CS/2nd%20year/1b/Software%20Maintenance%20and%20Evolution/assignment-second%20attempt/data/jEdit/build/ivysettings.xml" />
    <property name="java.runtime.version" value="1.8.0_231-b11" />
    <property name="java.specification.name.ivy.instance" value="Java Platform API Specification" />
    <property name="sun.boot.class.path" value="C:\Program Files\Java\jdk1.8.0_231\jre\lib\resources.jar;C:\Program Files\Java\jdk1.8.0_231\jre\lib\rt.jar;C:\Program Files\Java\jdk1.8.0_231\jre\lib\sunrsasign.jar;C:\Program Files\Java\jdk1.8.0_231\jre\lib\jsse.jar;C:\Program Files\Java\jdk1.8.0_231\jre\lib\jce.jar;C:\Program Files\Java\jdk1.8.0_231\jre\lib\charsets.jar;C:\Program Files\Java\jdk1.8.0_231\jre\lib\jfr.jar;C:\Program Files\Java\jdk1.8.0_231\jre\classes" />
    <property name="ivy.conf.dir" value="E:\Courses\MSc CS\2nd year\1b\Software Maintenance and Evolution\assignment-second attempt\data\jEdit\build" />
    <property name="ivy.retrieve.pattern" value="E:\Courses\MSc CS\2nd year\1b\Software Maintenance and Evolution\assignment-second attempt\data\jEdit\lib/[conf]/[artifact](-[classifier]).[ext]" />
    <property name="config.build.dir" value="build" />
    <property name="jar.filename" value="jedit.jar" />
    <property name="textAreaPackage" value="E:\Courses\MSc CS\2nd year\1b\Software Maintenance and Evolution\assignment-second attempt\data\textarea" />
    <property name="user.country" value="US" />
    <property name="ivy.shared.default.root" value="C:\Users\Stefan Evanghelides\.ivy2/shared" />
    <property name="sonar.java.binaries" value="build" />
    <property name="ant.file.type.jedit" value="file" />
    <property name="java.version.ivy.instance" value="1.8.0_231" />
    <property name="ivy.resolved.file" value="E:\Courses\MSc CS\2nd year\1b\Software Maintenance and Evolution\assignment-second attempt\data\jEdit\ivy.xml" />
    <property name="target.java.version" value="1.8" />
    <property name="os.arch.ivy.instance" value="amd64" />
    <property name="java.vendor" value="Oracle Corporation" />
    <property name="ivy.project.dir" value="E:\Courses\MSc CS\2nd year\1b\Software Maintenance and Evolution\assignment-second attempt\data\jEdit" />
    <property name="sonar.sources" value="org/gjt/sp" />
    <property name="java.specification.version" value="1.8" />
    <property name="config.build.nowarn" value="false" />
    <property name="ivy.buildlist.ivyfilepath" value="ivy.xml" />
    <property name="sun.arch.data.model" value="64" />
  </properties>
  <testcase classname="org.jedit.io.Native2ASCIIEncodingTest" name="read_CharBuffer_ShouldThrowExceptionOnMalformedInput" time="0.003" />
  <testcase classname="org.jedit.io.Native2ASCIIEncodingTest" name="permissiveRead_CharBuffer_ShouldAcceptIncompleteEscapeSequence" time="0.003" />
  <testcase classname="org.jedit.io.Native2ASCIIEncodingTest" name="read_charArray_int_int_ShouldThrowExceptionOnMalformedInput" time="0.001" />
  <testcase classname="org.jedit.io.Native2ASCIIEncodingTest" name="permissiveReadShouldAcceptIncompleteEscapeSequence" time="0.0" />
  <testcase classname="org.jedit.io.Native2ASCIIEncodingTest" name="permissiveRead_charArray_ShouldAcceptIncompleteEscapeSequence" time="0.0" />
  <testcase classname="org.jedit.io.Native2ASCIIEncodingTest" name="multipleSkipCallsShouldWork" time="0.0" />
  <testcase classname="org.jedit.io.Native2ASCIIEncodingTest" name="readShouldCorrectlyHandleEOF" time="0.001" />
  <testcase classname="org.jedit.io.Native2ASCIIEncodingTest" name="readShouldConvertEscapeSequence" time="0.001" />
  <testcase classname="org.jedit.io.Native2ASCIIEncodingTest" name="read_charArray_int_int_ShouldIgnoreMalformedEscapeSequenceThatFollowsOneBackslash" time="0.0" />
  <testcase classname="org.jedit.io.Native2ASCIIEncodingTest" name="read_charArray_int_int_ShouldCorrectlyHandleLessThan5NonEscapeCharactersAfterBackslash" time="0.001" />
  <testcase classname="org.jedit.io.Native2ASCIIEncodingTest" name="read_charArray_int_int_ShouldIgnoreIncompleteEscapeSequenceThatFollowsOneBackslash" time="0.0" />
  <testcase classname="org.jedit.io.Native2ASCIIEncodingTest" name="read_charArray_int_int_ShouldThrowExceptionOnMalformedInputWithThrottledReader" time="0.001" />
  <testcase classname="org.jedit.io.Native2ASCIIEncodingTest" name="read_charArray_ShouldConvertEscapeSequenceWithThrottledInputStream" time="0.001" />
  <testcase classname="org.jedit.io.Native2ASCIIEncodingTest" name="read_CharBuffer_ShouldIgnoreEscapeSequenceThatFollowsOneBackslash" time="0.0" />
  <testcase classname="org.jedit.io.Native2ASCIIEncodingTest" name="permissiveRead_charArray_int_int_ShouldAcceptMalformedInputWithThrottledReader" time="0.001" />
  <testcase classname="org.jedit.io.Native2ASCIIEncodingTest" name="read_CharBuffer_ShouldThrowExceptionOnMalformedInputWithThrottledReader" time="0.002" />
  <testcase classname="org.jedit.io.Native2ASCIIEncodingTest" name="read_charArray_int_int_ShouldConvertEscapeSequenceThatFollowsTwoBackslashes" time="0.0" />
  <testcase classname="org.jedit.io.Native2ASCIIEncodingTest" name="read_charArray_int_int_ShouldReadBackslashWithoutFollowingUAsBackslash" time="0.0" />
  <testcase classname="org.jedit.io.Native2ASCIIEncodingTest" name="read_CharBuffer_ShouldConvertEscapeSequenceThatFollowsTwoBackslashes" time="0.001" />
  <testcase classname="org.jedit.io.Native2ASCIIEncodingTest" name="read_CharBuffer_ShouldCorrectlyHandleLessThan5NonEscapeCharactersAfterBackslash" time="0.0" />
  <testcase classname="org.jedit.io.Native2ASCIIEncodingTest" name="read_charArray_ShouldIgnoreMalformedEscapeSequenceThatFollowsOneBackslash" time="0.001" />
  <testcase classname="org.jedit.io.Native2ASCIIEncodingTest" name="read_CharBuffer_ShouldIgnoreMalformedEscapeSequenceThatFollowsOneBackslash" time="0.0" />
  <testcase classname="org.jedit.io.Native2ASCIIEncodingTest" name="permissiveRead_charArray_ShouldAcceptMalformedInputWithThrottledReader" time="0.001" />
  <testcase classname="org.jedit.io.Native2ASCIIEncodingTest" name="append_CharSequence_int_int_ShouldEncodeNonASCIICharactersCorrectly" time="0.001" />
  <testcase classname="org.jedit.io.Native2ASCIIEncodingTest" name="readerShouldDecodeIfWriterHasWrittenEscapeSequenceAsSingleCharacters" time="0.001" />
  <testcase classname="org.jedit.io.Native2ASCIIEncodingTest" name="read_charArray_ShouldIgnoreIncompleteEscapeSequenceThatFollowsOneBackslash" time="0.0" />
  <testcase classname="org.jedit.io.Native2ASCIIEncodingTest" name="read_charArray_int_int_ShouldThrowExceptionOnIncompleteEscapeSequence" time="0.0" />
  <testcase classname="org.jedit.io.Native2ASCIIEncodingTest" name="read_CharBuffer_ShouldIgnoreEscapeSequenceThatFollowsThreeBackslashes" time="0.0" />
  <testcase classname="org.jedit.io.Native2ASCIIEncodingTest" name="read_charArray_ShouldCorrectlyHandleLessThan5NonEscapeCharactersAfterBackslash" time="0.001" />
  <testcase classname="org.jedit.io.Native2ASCIIEncodingTest" name="permissiveRead_charArray_int_int_ShouldAcceptIncompleteEscapeSequence" time="0.001" />
  <testcase classname="org.jedit.io.Native2ASCIIEncodingTest" name="read_charArray_int_int_ShouldConvertEscapeSequenceWithThrottledInputStream" time="0.0" />
  <testcase classname="org.jedit.io.Native2ASCIIEncodingTest" name="read_CharBuffer_ShouldConvertEscapeSequenceWithThrottledInputStream" time="0.0" />
  <testcase classname="org.jedit.io.Native2ASCIIEncodingTest" name="read_charArray_int_int_ShouldIgnoreEscapeSequenceThatFollowsOneBackslash" time="0.0" />
  <testcase classname="org.jedit.io.Native2ASCIIEncodingTest" name="read_charArray_int_int_shouldReadOnAfterCollapsingEscapeSequences" time="0.0" />
  <testcase classname="org.jedit.io.Native2ASCIIEncodingTest" name="read_charArray_ShouldConvertEscapeSequenceThatFollowsTwoBackslashes" time="0.0" />
  <testcase classname="org.jedit.io.Native2ASCIIEncodingTest" name="read_charArray_int_int_ShouldIgnoreEscapeSequenceThatFollowsThreeBackslashes" time="0.0" />
  <testcase classname="org.jedit.io.Native2ASCIIEncodingTest" name="read_CharBuffer_ShouldIgnoreIncompleteEscapeSequenceThatFollowsOneBackslash" time="0.0" />
  <testcase classname="org.jedit.io.Native2ASCIIEncodingTest" name="readShouldCorrectlyHandleLessThan5NonEscapeCharactersAfterBackslash" time="0.001" />
  <testcase classname="org.jedit.io.Native2ASCIIEncodingTest" name="read_charArray_ShouldThrowExceptionOnMalformedInputWithThrottledReader" time="0.0" />
  <testcase classname="org.jedit.io.Native2ASCIIEncodingTest" name="permissiveRead_CharBuffer_ShouldAcceptMalformedInputWithThrottledReader" time="0.0" />
  <testcase classname="org.jedit.io.Native2ASCIIEncodingTest" name="read_charArray_ShouldIgnoreEscapeSequenceThatFollowsThreeBackslashes" time="0.001" />
  <testcase classname="org.jedit.io.Native2ASCIIEncodingTest" name="read_charArray_ShouldThrowExceptionOnMalformedInput" time="0.0" />
  <testcase classname="org.jedit.io.Native2ASCIIEncodingTest" name="readShouldThrowExceptionOnIncompleteEscapeSequence" time="0.0" />
  <testcase classname="org.jedit.io.Native2ASCIIEncodingTest" name="read_charArray_ShouldThrowExceptionOnIncompleteEscapeSequence" time="0.001" />
  <testcase classname="org.jedit.io.Native2ASCIIEncodingTest" name="read_CharBuffer_ShouldThrowExceptionOnIncompleteEscapeSequence" time="0.001" />
  <testcase classname="org.jedit.io.Native2ASCIIEncodingTest" name="read_charArray_ShouldThrowExceptionOnMissingInputAfterU" time="0.0" />
  <testcase classname="org.jedit.io.Native2ASCIIEncodingTest" name="read_charArray_int_int_ShouldConvertEscapeSequence" time="0.0" />
  <testcase classname="org.jedit.io.Native2ASCIIEncodingTest" name="read_charArray_int_int_ShouldThrowExceptionOnMissingInputAfterU" time="0.0" />
  <testcase classname="org.jedit.io.Native2ASCIIEncodingTest" name="read_CharBuffer_ShouldThrowExceptionOnMissingInputAfterU" time="0.0" />
  <testcase classname="org.jedit.io.Native2ASCIIEncodingTest" name="write_String_ShouldEncodeASCIICharactersCorrectly" time="0.0" />
  <testcase classname="org.jedit.io.Native2ASCIIEncodingTest" name="write_String_ShouldEncodeNonASCIICharactersCorrectly" time="0.001" />
  <testcase classname="org.jedit.io.Native2ASCIIEncodingTest" name="readShouldIgnoreIncompleteEscapeSequenceThatFollowsOneBackslash" time="0.0" />
  <testcase classname="org.jedit.io.Native2ASCIIEncodingTest" name="skipShouldSkipAllIfToSkipIsGreaterThanInputLength" time="0.001" />
  <testcase classname="org.jedit.io.Native2ASCIIEncodingTest" name="write_charArray_int_int_ShouldEncodeASCIICharactersCorrectly" time="0.0" />
  <testcase classname="org.jedit.io.Native2ASCIIEncodingTest" name="permissiveRead_CharBuffer_ShouldAcceptMalformedInput" time="0.0" />
  <testcase classname="org.jedit.io.Native2ASCIIEncodingTest" name="readShouldConvertEscapeSequenceThatFollowsTwoBackslashes" time="0.0" />
  <testcase classname="org.jedit.io.Native2ASCIIEncodingTest" name="append_CharSequence_int_int_ShouldEncodeASCIICharactersCorrectly" time="0.0" />
  <testcase classname="org.jedit.io.Native2ASCIIEncodingTest" name="readShouldConvertEscapeSequenceWithThrottledInputStream" time="0.0" />
  <testcase classname="org.jedit.io.Native2ASCIIEncodingTest" name="append_CharSequence_ShouldEncodeNonASCIICharactersCorrectly" time="0.0" />
  <testcase classname="org.jedit.io.Native2ASCIIEncodingTest" name="append_CharSequence_ShouldEncodeASCIICharactersCorrectly" time="0.001" />
  <testcase classname="org.jedit.io.Native2ASCIIEncodingTest" name="read_CharBuffer_ShouldCorrectlyHandleEOFAfterBackslash" time="0.001" />
  <testcase classname="org.jedit.io.Native2ASCIIEncodingTest" name="read_CharBuffer_ShouldReadBackslashWithoutFollowingUAsBackslash" time="0.0" />
  <testcase classname="org.jedit.io.Native2ASCIIEncodingTest" name="readShouldReadBackslashWithoutFollowingUAsBackslash" time="0.0" />
  <testcase classname="org.jedit.io.Native2ASCIIEncodingTest" name="readShouldIgnoreEscapeSequenceThatFollowsOneBackslash" time="0.0" />
  <testcase classname="org.jedit.io.Native2ASCIIEncodingTest" name="permissiveRead_charArray_int_int_ShouldAcceptMissingInputAfterU" time="0.0" />
  <testcase classname="org.jedit.io.Native2ASCIIEncodingTest" name="read_charArray_ShouldIgnoreEscapeSequenceThatFollowsOneBackslash" time="0.0" />
  <testcase classname="org.jedit.io.Native2ASCIIEncodingTest" name="readShouldIgnoreEscapeSequenceThatFollowsThreeBackslashes" time="0.0" />
  <testcase classname="org.jedit.io.Native2ASCIIEncodingTest" name="permissiveRead_CharBuffer_ShouldAcceptMissingInputAfterU" time="0.0" />
  <testcase classname="org.jedit.io.Native2ASCIIEncodingTest" name="write_charArray_int_int_ShouldEncodeNonASCIICharactersCorrectly" time="0.001" />
  <testcase classname="org.jedit.io.Native2ASCIIEncodingTest" name="write_charArray_ShouldEncodeNonASCIICharactersCorrectly" time="0.001" />
  <testcase classname="org.jedit.io.Native2ASCIIEncodingTest" name="permissiveRead_charArray_ShouldAcceptMalformedInput" time="0.0" />
  <testcase classname="org.jedit.io.Native2ASCIIEncodingTest" name="read_charArray_ShouldCorrectlyHandleEOFAfterBackslash" time="0.0" />
  <testcase classname="org.jedit.io.Native2ASCIIEncodingTest" name="readerShouldReadSingleCharactersIfWriterAddedAnEscapingBackslash" time="0.0" />
  <testcase classname="org.jedit.io.Native2ASCIIEncodingTest" name="readShouldThrowExceptionOnMalformedInputWithThrottledReader" time="0.001" />
  <testcase classname="org.jedit.io.Native2ASCIIEncodingTest" name="read_charArray_int_int_ShouldCorrectlyHandleEOFAfterBackslash" time="0.001" />
  <testcase classname="org.jedit.io.Native2ASCIIEncodingTest" name="write_charArray_ShouldEncodeASCIICharactersCorrectly" time="0.0" />
  <testcase classname="org.jedit.io.Native2ASCIIEncodingTest" name="permissiveRead_charArray_int_int_ShouldAcceptMalformedInput" time="0.0" />
  <testcase classname="org.jedit.io.Native2ASCIIEncodingTest" name="read_charArray_ShouldReadBackslashWithoutFollowingUAsBackslash" time="0.0" />
  <testcase classname="org.jedit.io.Native2ASCIIEncodingTest" name="differentReadMethodsShouldBeUsableOnTheSameStream" time="0.001" />
  <testcase classname="org.jedit.io.Native2ASCIIEncodingTest" name="permissiveReadShouldAcceptMalformedInputWithThrottledReader" time="0.001" />
  <testcase classname="org.jedit.io.Native2ASCIIEncodingTest" name="write_String_int_int_ShouldEncodeNonASCIICharactersCorrectly" time="0.001" />
  <testcase classname="org.jedit.io.Native2ASCIIEncodingTest" name="read_charArray_shouldReadOnAfterCollapsingEscapeSequences" time="0.005" />
  <testcase classname="org.jedit.io.Native2ASCIIEncodingTest" name="append_char_ShouldEncodeNonASCIICharactersCorrectly" time="0.0" />
  <testcase classname="org.jedit.io.Native2ASCIIEncodingTest" name="permissiveRead_charArray_ShouldAcceptMissingInputAfterU" time="0.0" />
  <testcase classname="org.jedit.io.Native2ASCIIEncodingTest" name="write_String_int_int_ShouldEncodeASCIICharactersCorrectly" time="0.001" />
  <testcase classname="org.jedit.io.Native2ASCIIEncodingTest" name="differentReadMethodsShouldHaveACommonEscapeSequenceHandling" time="0.001" />
  <testcase classname="org.jedit.io.Native2ASCIIEncodingTest" name="append_CharSequence_int_int_ShouldEncodeNullCorrectly" time="0.001" />
  <testcase classname="org.jedit.io.Native2ASCIIEncodingTest" name="write_int_ShouldEncodeNonASCIICharactersCorrectly" time="0.0" />
  <testcase classname="org.jedit.io.Native2ASCIIEncodingTest" name="readShouldIgnoreMalformedEscapeSequenceThatFollowsOneBackslash" time="0.0" />
  <testcase classname="org.jedit.io.Native2ASCIIEncodingTest" name="read_CharBuffer_shouldReadOnAfterCollapsingEscapeSequences" time="0.0" />
  <testcase classname="org.jedit.io.Native2ASCIIEncodingTest" name="permissiveReadShouldAcceptMissingInputAfterU" time="0.0" />
  <testcase classname="org.jedit.io.Native2ASCIIEncodingTest" name="readShouldCorrectlyHandleEOFAfterBackslash" time="0.001" />
  <testcase classname="org.jedit.io.Native2ASCIIEncodingTest" name="skipShouldNotDoAnythingIfToSkipIsZero" time="0.001" />
  <testcase classname="org.jedit.io.Native2ASCIIEncodingTest" name="read_charArray_ShouldCorrectlyHandleEOF" time="0.0" />
  <testcase classname="org.jedit.io.Native2ASCIIEncodingTest" name="read_charArray_int_int_ShouldCorrectlyHandleEOF" time="0.0" />
  <testcase classname="org.jedit.io.Native2ASCIIEncodingTest" name="skipShouldThrowExceptionIfToSkipIsNegative" time="0.0" />
  <testcase classname="org.jedit.io.Native2ASCIIEncodingTest" name="read_CharBuffer_ShouldCorrectlyHandleEOF" time="0.0" />
  <testcase classname="org.jedit.io.Native2ASCIIEncodingTest" name="append_char_ShouldEncodeASCIICharactersCorrectly" time="0.001" />
  <testcase classname="org.jedit.io.Native2ASCIIEncodingTest" name="write_int_ShouldEncodeASCIICharactersCorrectly" time="0.0" />
  <testcase classname="org.jedit.io.Native2ASCIIEncodingTest" name="readShouldThrowExceptionOnMalformedInput" time="0.0" />
  <testcase classname="org.jedit.io.Native2ASCIIEncodingTest" name="readShouldThrowExceptionOnMissingInputAfterU" time="0.0" />
  <testcase classname="org.jedit.io.Native2ASCIIEncodingTest" name="permissiveReadShouldAcceptMalformedInput" time="0.0" />
  <testcase classname="org.jedit.io.Native2ASCIIEncodingTest" name="skipShouldSkipGivenAmountIfAvailable" time="0.0" />
  <testcase classname="org.jedit.io.Native2ASCIIEncodingTest" name="textReaderWithNullAsClassParameterShouldWork" time="0.0" />
  <testcase classname="org.jedit.io.Native2ASCIIEncodingTest" name="readerShouldBeAbleToDecodeWhatWriterHasEncoded" time="0.0" />
  <testcase classname="org.jedit.io.Native2ASCIIEncodingTest" name="append_CharSequence_ShouldEncodeNullCorrectly" time="0.0" />
  <testcase classname="org.jedit.io.Native2ASCIIEncodingTest" name="read_CharBuffer_ShouldConvertEscapeSequence" time="0.0" />
  <testcase classname="org.jedit.io.Native2ASCIIEncodingTest" name="read_charArray_ShouldConvertEscapeSequence" time="0.0" />
  <system-out><![CDATA[]]></system-out>
  <system-err><![CDATA[]]></system-err>
</testsuite>
